#
# There is insufficient memory for the Java Runtime Environment to continue.
# Native memory allocation (malloc) failed to allocate 32744 bytes for ChunkPool::allocate
# Possible reasons:
#   The system is out of physical RAM or swap space
#   The process is running with CompressedOops enabled, and the Java Heap may be blocking the growth of the native heap
# Possible solutions:
#   Reduce memory load on the system
#   Increase physical memory or swap space
#   Check if swap backing store is full
#   Decrease Java heap size (-Xmx/-Xms)
#   Decrease number of Java threads
#   Decrease Java thread stack sizes (-Xss)
#   Set larger code cache with -XX:ReservedCodeCacheSize=
#   JVM is running with Unscaled Compressed Oops mode in which the Java heap is
#     placed in the first 4GB address space. The Java Heap base address is the
#     maximum limit for the native heap growth. Please use -XX:HeapBaseMinAddress
#     to set the Java Heap base and to place the Java Heap above 4GB virtual address.
# This output file may be truncated or incomplete.
#
#  Out of Memory Error (./open/src/hotspot/share/memory/arena.cpp:79), pid=2396, tid=12680
#
# JRE version: OpenJDK Runtime Environment (15.0.2+7) (build 15.0.2+7-27)
# Java VM: OpenJDK 64-Bit Server VM (15.0.2+7-27, mixed mode, tiered, compressed oops, g1 gc, windows-amd64)
# No core dump will be written. Minidumps are not enabled by default on client versions of Windows
#

---------------  S U M M A R Y ------------

Command Line: -Dcom.sun.management.jmxremote -Dcom.sun.management.jmxremote.port=49657 -Dcom.sun.management.jmxremote.authenticate=false -Dcom.sun.management.jmxremote.ssl=false -Djava.rmi.server.hostname=localhost -Dspring.jmx.enabled=true -Dspring.application.admin.enabled=true -XX:TieredStopAtLevel=1 -Dspring.boot.project.name=DOANBAOVETOTNGHIEP -Dfile.encoding=UTF-8 -XX:+ShowCodeDetailsInExceptionMessages J6Store.J6StoreApplication --spring.output.ansi.enabled=always

Host: Intel(R) Core(TM) i5-8265U CPU @ 1.60GHz, 8 cores, 3G,  Windows 10 , 64 bit Build 19041 (10.0.19041.1202)
Time: Sat Oct 23 09:59:01 2021 SE Asia Standard Time elapsed time: 1.839312 seconds (0d 0h 0m 1s)

---------------  T H R E A D  ---------------

Current thread (0x00000253694966e0):  JavaThread "C1 CompilerThread0" daemon [_thread_in_native, id=12680, stack(0x000000571cf00000,0x000000571d000000)]


Current CompileTask:
C1:   1839  979       1       java.net.URLStreamHandler::parseURL (1201 bytes)

Stack: [0x000000571cf00000,0x000000571d000000]
Native frames: (J=compiled Java code, j=interpreted, Vv=VM code, C=native code)
V  [jvm.dll+0x62ae9a]
V  [jvm.dll+0x7817a9]
V  [jvm.dll+0x782f03]
V  [jvm.dll+0x783563]
V  [jvm.dll+0x216325]
V  [jvm.dll+0x982cf]
V  [jvm.dll+0x9861c]
V  [jvm.dll+0xf68f5]
V  [jvm.dll+0x1556dc]
V  [jvm.dll+0x156273]
V  [jvm.dll+0x110065]
V  [jvm.dll+0x10f91f]
V  [jvm.dll+0x10fb54]
V  [jvm.dll+0x10ee92]
V  [jvm.dll+0x110d2c]
V  [jvm.dll+0x1f9225]
V  [jvm.dll+0x1f72cc]
V  [jvm.dll+0x74495d]
V  [jvm.dll+0x73d75a]
V  [jvm.dll+0x629c56]
C  [ucrtbase.dll+0x21bb2]
C  [KERNEL32.DLL+0x17034]
C  [ntdll.dll+0x52651]


---------------  P R O C E S S  ---------------

Threads class SMR info:
_java_thread_list=0x0000025369de55b0, length=13, elements={
0x000002534efd1fa0, 0x0000025368c72670, 0x0000025368c74040, 0x00000253694d6000,
0x00000253694d69c0, 0x00000253694da3a0, 0x00000253694966e0, 0x00000253694eb080,
0x0000025368c010c0, 0x000002536969dc60, 0x0000025369e5b9d0, 0x0000025369e6d510,
0x0000025369e593b0
}

Java Threads: ( => current thread )
  0x000002534efd1fa0 JavaThread "main" [_thread_in_Java, id=10600, stack(0x000000571c300000,0x000000571c400000)]
  0x0000025368c72670 JavaThread "Reference Handler" daemon [_thread_blocked, id=1084, stack(0x000000571ca00000,0x000000571cb00000)]
  0x0000025368c74040 JavaThread "Finalizer" daemon [_thread_blocked, id=12684, stack(0x000000571cb00000,0x000000571cc00000)]
  0x00000253694d6000 JavaThread "Signal Dispatcher" daemon [_thread_blocked, id=10732, stack(0x000000571cc00000,0x000000571cd00000)]
  0x00000253694d69c0 JavaThread "Attach Listener" daemon [_thread_blocked, id=14516, stack(0x000000571cd00000,0x000000571ce00000)]
  0x00000253694da3a0 JavaThread "Service Thread" daemon [_thread_blocked, id=2360, stack(0x000000571ce00000,0x000000571cf00000)]
=>0x00000253694966e0 JavaThread "C1 CompilerThread0" daemon [_thread_in_native, id=12680, stack(0x000000571cf00000,0x000000571d000000)]
  0x00000253694eb080 JavaThread "Sweeper thread" daemon [_thread_blocked, id=9248, stack(0x000000571d000000,0x000000571d100000)]
  0x0000025368c010c0 JavaThread "Common-Cleaner" daemon [_thread_blocked, id=7584, stack(0x000000571d100000,0x000000571d200000)]
  0x000002536969dc60 JavaThread "Notification Thread" daemon [_thread_blocked, id=2088, stack(0x000000571d200000,0x000000571d300000)]
  0x0000025369e5b9d0 JavaThread "RMI TCP Accept-0" daemon [_thread_in_native, id=5780, stack(0x000000571d300000,0x000000571d400000)]
  0x0000025369e6d510 JavaThread "RMI TCP Accept-49657" daemon [_thread_in_native, id=10588, stack(0x000000571d400000,0x000000571d500000)]
  0x0000025369e593b0 JavaThread "RMI TCP Accept-0" daemon [_thread_in_native, id=4816, stack(0x000000571d500000,0x000000571d600000)]

Other Threads:
  0x0000025368c33a70 VMThread "VM Thread" [stack: 0x000000571c900000,0x000000571ca00000] [id=7860]
  0x000002534efd2ee0 WatcherThread [stack: 0x000000571d600000,0x000000571d700000] [id=13652]
  0x000002534f002200 GCTaskThread "GC Thread#0" [stack: 0x000000571c400000,0x000000571c500000] [id=14856]
  0x000002534f02a8f0 ConcurrentGCThread "G1 Main Marker" [stack: 0x000000571c500000,0x000000571c600000] [id=13876]
  0x000002534f02b470 ConcurrentGCThread "G1 Conc#0" [stack: 0x000000571c600000,0x000000571c700000] [id=6076]
  0x000002534f090bc0 ConcurrentGCThread "G1 Refine#0" [stack: 0x000000571c700000,0x000000571c800000] [id=1604]
  0x000002534f0916d0 ConcurrentGCThread "G1 Young RemSet Sampling" [stack: 0x000000571c800000,0x000000571c900000] [id=4716]

Threads with active compile tasks:
C1 CompilerThread0     1874  979       1       java.net.URLStreamHandler::parseURL (1201 bytes)

VM state: not at safepoint (normal execution)

VM Mutex/Monitor currently owned by a thread: None

Heap address: 0x00000000c1c00000, size: 996 MB, Compressed Oops mode: 32-bit
CDS disabled.
Compressed class space mapped at: 0x0000000100000000-0x0000000140000000, size: 1073741824
Narrow klass base: 0x0000000000000000, Narrow klass shift: 3, Narrow klass range: 0x140000000

GC Precious Log:
 CPUs: 8 total, 8 available
 Memory: 3983M
 Large Page Support: Disabled
 NUMA Support: Disabled
 Compressed Oops: Enabled (32-bit)
 Heap Region Size: 1M
 Heap Min Capacity: 8M
 Heap Initial Capacity: 64M
 Heap Max Capacity: 996M
 Pre-touch: Disabled
 Parallel Workers: 8
 Concurrent Workers: 2
 Concurrent Refinement Workers: 8
 Periodic GC: Disabled

Heap:
 garbage-first heap   total 65536K, used 16384K [0x00000000c1c00000, 0x0000000100000000)
  region size 1024K, 17 young (17408K), 0 survivors (0K)
 Metaspace       used 14060K, capacity 14185K, committed 14336K, reserved 1062912K
  class space    used 1394K, capacity 1445K, committed 1536K, reserved 1048576K

Heap Regions: E=young(eden), S=young(survivor), O=old, HS=humongous(starts), HC=humongous(continues), CS=collection set, F=free, OA=open archive, CA=closed archive, TAMS=top-at-mark-start (previous, next)
|   0|0x00000000c1c00000, 0x00000000c1d00000, 0x00000000c1d00000|100%|HS|  |TAMS 0x00000000c1c00000, 0x00000000c1c00000| Complete 
|   1|0x00000000c1d00000, 0x00000000c1d00000, 0x00000000c1e00000|  0%| F|  |TAMS 0x00000000c1d00000, 0x00000000c1d00000| Untracked 
|   2|0x00000000c1e00000, 0x00000000c1e00000, 0x00000000c1f00000|  0%| F|  |TAMS 0x00000000c1e00000, 0x00000000c1e00000| Untracked 
|   3|0x00000000c1f00000, 0x00000000c1f00000, 0x00000000c2000000|  0%| F|  |TAMS 0x00000000c1f00000, 0x00000000c1f00000| Untracked 
|   4|0x00000000c2000000, 0x00000000c2000000, 0x00000000c2100000|  0%| F|  |TAMS 0x00000000c2000000, 0x00000000c2000000| Untracked 
|   5|0x00000000c2100000, 0x00000000c2100000, 0x00000000c2200000|  0%| F|  |TAMS 0x00000000c2100000, 0x00000000c2100000| Untracked 
|   6|0x00000000c2200000, 0x00000000c2200000, 0x00000000c2300000|  0%| F|  |TAMS 0x00000000c2200000, 0x00000000c2200000| Untracked 
|   7|0x00000000c2300000, 0x00000000c2300000, 0x00000000c2400000|  0%| F|  |TAMS 0x00000000c2300000, 0x00000000c2300000| Untracked 
|   8|0x00000000c2400000, 0x00000000c2400000, 0x00000000c2500000|  0%| F|  |TAMS 0x00000000c2400000, 0x00000000c2400000| Untracked 
|   9|0x00000000c2500000, 0x00000000c2500000, 0x00000000c2600000|  0%| F|  |TAMS 0x00000000c2500000, 0x00000000c2500000| Untracked 
|  10|0x00000000c2600000, 0x00000000c2600000, 0x00000000c2700000|  0%| F|  |TAMS 0x00000000c2600000, 0x00000000c2600000| Untracked 
|  11|0x00000000c2700000, 0x00000000c2700000, 0x00000000c2800000|  0%| F|  |TAMS 0x00000000c2700000, 0x00000000c2700000| Untracked 
|  12|0x00000000c2800000, 0x00000000c2800000, 0x00000000c2900000|  0%| F|  |TAMS 0x00000000c2800000, 0x00000000c2800000| Untracked 
|  13|0x00000000c2900000, 0x00000000c2900000, 0x00000000c2a00000|  0%| F|  |TAMS 0x00000000c2900000, 0x00000000c2900000| Untracked 
|  14|0x00000000c2a00000, 0x00000000c2a00000, 0x00000000c2b00000|  0%| F|  |TAMS 0x00000000c2a00000, 0x00000000c2a00000| Untracked 
|  15|0x00000000c2b00000, 0x00000000c2b00000, 0x00000000c2c00000|  0%| F|  |TAMS 0x00000000c2b00000, 0x00000000c2b00000| Untracked 
|  16|0x00000000c2c00000, 0x00000000c2c00000, 0x00000000c2d00000|  0%| F|  |TAMS 0x00000000c2c00000, 0x00000000c2c00000| Untracked 
|  17|0x00000000c2d00000, 0x00000000c2d00000, 0x00000000c2e00000|  0%| F|  |TAMS 0x00000000c2d00000, 0x00000000c2d00000| Untracked 
|  18|0x00000000c2e00000, 0x00000000c2e00000, 0x00000000c2f00000|  0%| F|  |TAMS 0x00000000c2e00000, 0x00000000c2e00000| Untracked 
|  19|0x00000000c2f00000, 0x00000000c2f00000, 0x00000000c3000000|  0%| F|  |TAMS 0x00000000c2f00000, 0x00000000c2f00000| Untracked 
|  20|0x00000000c3000000, 0x00000000c3000000, 0x00000000c3100000|  0%| F|  |TAMS 0x00000000c3000000, 0x00000000c3000000| Untracked 
|  21|0x00000000c3100000, 0x00000000c3100000, 0x00000000c3200000|  0%| F|  |TAMS 0x00000000c3100000, 0x00000000c3100000| Untracked 
|  22|0x00000000c3200000, 0x00000000c3200000, 0x00000000c3300000|  0%| F|  |TAMS 0x00000000c3200000, 0x00000000c3200000| Untracked 
|  23|0x00000000c3300000, 0x00000000c3300000, 0x00000000c3400000|  0%| F|  |TAMS 0x00000000c3300000, 0x00000000c3300000| Untracked 
|  24|0x00000000c3400000, 0x00000000c3400000, 0x00000000c3500000|  0%| F|  |TAMS 0x00000000c3400000, 0x00000000c3400000| Untracked 
|  25|0x00000000c3500000, 0x00000000c3500000, 0x00000000c3600000|  0%| F|  |TAMS 0x00000000c3500000, 0x00000000c3500000| Untracked 
|  26|0x00000000c3600000, 0x00000000c3600000, 0x00000000c3700000|  0%| F|  |TAMS 0x00000000c3600000, 0x00000000c3600000| Untracked 
|  27|0x00000000c3700000, 0x00000000c3700000, 0x00000000c3800000|  0%| F|  |TAMS 0x00000000c3700000, 0x00000000c3700000| Untracked 
|  28|0x00000000c3800000, 0x00000000c3800000, 0x00000000c3900000|  0%| F|  |TAMS 0x00000000c3800000, 0x00000000c3800000| Untracked 
|  29|0x00000000c3900000, 0x00000000c3900000, 0x00000000c3a00000|  0%| F|  |TAMS 0x00000000c3900000, 0x00000000c3900000| Untracked 
|  30|0x00000000c3a00000, 0x00000000c3a00000, 0x00000000c3b00000|  0%| F|  |TAMS 0x00000000c3a00000, 0x00000000c3a00000| Untracked 
|  31|0x00000000c3b00000, 0x00000000c3b00000, 0x00000000c3c00000|  0%| F|  |TAMS 0x00000000c3b00000, 0x00000000c3b00000| Untracked 
|  32|0x00000000c3c00000, 0x00000000c3c00000, 0x00000000c3d00000|  0%| F|  |TAMS 0x00000000c3c00000, 0x00000000c3c00000| Untracked 
|  33|0x00000000c3d00000, 0x00000000c3d00000, 0x00000000c3e00000|  0%| F|  |TAMS 0x00000000c3d00000, 0x00000000c3d00000| Untracked 
|  34|0x00000000c3e00000, 0x00000000c3e00000, 0x00000000c3f00000|  0%| F|  |TAMS 0x00000000c3e00000, 0x00000000c3e00000| Untracked 
|  35|0x00000000c3f00000, 0x00000000c3f00000, 0x00000000c4000000|  0%| F|  |TAMS 0x00000000c3f00000, 0x00000000c3f00000| Untracked 
|  36|0x00000000c4000000, 0x00000000c4000000, 0x00000000c4100000|  0%| F|  |TAMS 0x00000000c4000000, 0x00000000c4000000| Untracked 
|  37|0x00000000c4100000, 0x00000000c4100000, 0x00000000c4200000|  0%| F|  |TAMS 0x00000000c4100000, 0x00000000c4100000| Untracked 
|  38|0x00000000c4200000, 0x00000000c4200000, 0x00000000c4300000|  0%| F|  |TAMS 0x00000000c4200000, 0x00000000c4200000| Untracked 
|  39|0x00000000c4300000, 0x00000000c4300000, 0x00000000c4400000|  0%| F|  |TAMS 0x00000000c4300000, 0x00000000c4300000| Untracked 
|  40|0x00000000c4400000, 0x00000000c4400000, 0x00000000c4500000|  0%| F|  |TAMS 0x00000000c4400000, 0x00000000c4400000| Untracked 
|  41|0x00000000c4500000, 0x00000000c4500000, 0x00000000c4600000|  0%| F|  |TAMS 0x00000000c4500000, 0x00000000c4500000| Untracked 
|  42|0x00000000c4600000, 0x00000000c4600000, 0x00000000c4700000|  0%| F|  |TAMS 0x00000000c4600000, 0x00000000c4600000| Untracked 
|  43|0x00000000c4700000, 0x00000000c4700000, 0x00000000c4800000|  0%| F|  |TAMS 0x00000000c4700000, 0x00000000c4700000| Untracked 
|  44|0x00000000c4800000, 0x00000000c4800000, 0x00000000c4900000|  0%| F|  |TAMS 0x00000000c4800000, 0x00000000c4800000| Untracked 
|  45|0x00000000c4900000, 0x00000000c4900000, 0x00000000c4a00000|  0%| F|  |TAMS 0x00000000c4900000, 0x00000000c4900000| Untracked 
|  46|0x00000000c4a00000, 0x00000000c4a00000, 0x00000000c4b00000|  0%| F|  |TAMS 0x00000000c4a00000, 0x00000000c4a00000| Untracked 
|  47|0x00000000c4b00000, 0x00000000c4bec0f0, 0x00000000c4c00000| 92%| E|  |TAMS 0x00000000c4b00000, 0x00000000c4b00000| Complete 
|  48|0x00000000c4c00000, 0x00000000c4d00000, 0x00000000c4d00000|100%| E|CS|TAMS 0x00000000c4c00000, 0x00000000c4c00000| Complete 
|  49|0x00000000c4d00000, 0x00000000c4e00000, 0x00000000c4e00000|100%| E|CS|TAMS 0x00000000c4d00000, 0x00000000c4d00000| Complete 
|  50|0x00000000c4e00000, 0x00000000c4f00000, 0x00000000c4f00000|100%| E|CS|TAMS 0x00000000c4e00000, 0x00000000c4e00000| Complete 
|  51|0x00000000c4f00000, 0x00000000c5000000, 0x00000000c5000000|100%| E|CS|TAMS 0x00000000c4f00000, 0x00000000c4f00000| Complete 
|  52|0x00000000c5000000, 0x00000000c5100000, 0x00000000c5100000|100%| E|CS|TAMS 0x00000000c5000000, 0x00000000c5000000| Complete 
|  53|0x00000000c5100000, 0x00000000c5200000, 0x00000000c5200000|100%| E|CS|TAMS 0x00000000c5100000, 0x00000000c5100000| Complete 
|  54|0x00000000c5200000, 0x00000000c5300000, 0x00000000c5300000|100%| E|CS|TAMS 0x00000000c5200000, 0x00000000c5200000| Complete 
|  55|0x00000000c5300000, 0x00000000c5400000, 0x00000000c5400000|100%| E|CS|TAMS 0x00000000c5300000, 0x00000000c5300000| Complete 
|  56|0x00000000c5400000, 0x00000000c5500000, 0x00000000c5500000|100%| E|CS|TAMS 0x00000000c5400000, 0x00000000c5400000| Complete 
|  57|0x00000000c5500000, 0x00000000c5600000, 0x00000000c5600000|100%| E|CS|TAMS 0x00000000c5500000, 0x00000000c5500000| Complete 
|  58|0x00000000c5600000, 0x00000000c5700000, 0x00000000c5700000|100%| E|  |TAMS 0x00000000c5600000, 0x00000000c5600000| Complete 
|  59|0x00000000c5700000, 0x00000000c5800000, 0x00000000c5800000|100%| E|CS|TAMS 0x00000000c5700000, 0x00000000c5700000| Complete 
|  60|0x00000000c5800000, 0x00000000c5900000, 0x00000000c5900000|100%| E|CS|TAMS 0x00000000c5800000, 0x00000000c5800000| Complete 
|  61|0x00000000c5900000, 0x00000000c5a00000, 0x00000000c5a00000|100%| E|CS|TAMS 0x00000000c5900000, 0x00000000c5900000| Complete 
|  62|0x00000000c5a00000, 0x00000000c5b00000, 0x00000000c5b00000|100%| E|CS|TAMS 0x00000000c5a00000, 0x00000000c5a00000| Complete 
|  63|0x00000000c5b00000, 0x00000000c5c00000, 0x00000000c5c00000|100%| E|CS|TAMS 0x00000000c5b00000, 0x00000000c5b00000| Complete 

Card table byte_map: [0x0000025363e70000,0x0000025364070000] _byte_map_base: 0x0000025363862000

Marking Bits (Prev, Next): (CMBitMap*) 0x000002534f003990, (CMBitMap*) 0x000002534f0039d0
 Prev Bits: [0x0000025364270000, 0x0000025365200000)
 Next Bits: [0x0000025365200000, 0x0000025366190000)

Polling page: 0x000002534f0a0000

Metaspace:

Usage:
  Non-class:     12.44 MB capacity,    12.37 MB (>99%) used,    52.95 KB ( <1%) free+waste,    15.31 KB ( <1%) overhead. 
      Class:      1.41 MB capacity,     1.36 MB ( 97%) used,    43.07 KB (  3%) free+waste,     5.75 KB ( <1%) overhead. 
       Both:     13.85 MB capacity,    13.74 MB (>99%) used,    96.02 KB ( <1%) free+waste,    21.06 KB ( <1%) overhead. 

Virtual space:
  Non-class space:       14.00 MB reserved,      12.50 MB ( 89%) committed 
      Class space:        1.00 GB reserved,       1.50 MB ( <1%) committed 
             Both:        1.01 GB reserved,      14.00 MB (  1%) committed 

Chunk freelists:
   Non-Class:  60.00 KB
       Class:  27.00 KB
        Both:  87.00 KB

MaxMetaspaceSize: 17179869184.00 GB
CompressedClassSpaceSize: 1.00 GB

CodeHeap 'non-profiled nmethods': size=238336Kb used=1285Kb max_used=1285Kb free=237050Kb
 bounds [0x0000025354940000, 0x0000025354bb0000, 0x0000025363200000]
CodeHeap 'non-nmethods': size=7424Kb used=1163Kb max_used=1163Kb free=6260Kb
 bounds [0x0000025354200000, 0x0000025354470000, 0x0000025354940000]
 total_blobs=1403 nmethods=978 adapters=353
 compilation: enabled
              stopped_count=0, restarted_count=0
 full_count=0

Compilation events (20 events):
Event: 1.809 Thread 0x00000253694966e0 nmethod 969 0x0000025354a7cb90 code [0x0000025354a7cd40, 0x0000025354a7ce78]
Event: 1.809 Thread 0x00000253694966e0  968       1       jdk.internal.loader.BuiltinClassLoader::loadClassOrNull (7 bytes)
Event: 1.809 Thread 0x00000253694966e0 nmethod 968 0x0000025354a7cf90 code [0x0000025354a7d120, 0x0000025354a7d208]
Event: 1.809 Thread 0x00000253694966e0  970       1       jdk.internal.module.SystemModuleFinders$SystemModuleReader::find (54 bytes)
Event: 1.810 Thread 0x00000253694966e0 nmethod 970 0x0000025354a7d290 code [0x0000025354a7d4e0, 0x0000025354a7db78]
Event: 1.810 Thread 0x00000253694966e0  971       1       jdk.internal.jimage.BasicImageReader::getAttributes (49 bytes)
Event: 1.810 Thread 0x00000253694966e0 nmethod 971 0x0000025354a7df10 code [0x0000025354a7e100, 0x0000025354a7e408]
Event: 1.810 Thread 0x00000253694966e0  972       1       java.lang.String::concat (15 bytes)
Event: 1.810 Thread 0x00000253694966e0 nmethod 972 0x0000025354a7e610 code [0x0000025354a7e820, 0x0000025354a7ec58]
Event: 1.811 Thread 0x00000253694966e0  973       1       java.lang.NamedPackage::module (5 bytes)
Event: 1.811 Thread 0x00000253694966e0 nmethod 973 0x0000025354a7ef90 code [0x0000025354a7f120, 0x0000025354a7f1d8]
Event: 1.812 Thread 0x00000253694966e0  974       1       java.lang.ClassLoader::getClassLoadingLock (35 bytes)
Event: 1.813 Thread 0x00000253694966e0 nmethod 974 0x0000025354a7f790 code [0x0000025354a7f920, 0x0000025354a7fa88]
Event: 1.813 Thread 0x00000253694966e0  975       1       java.lang.ClassLoader::findLoadedClass (16 bytes)
Event: 1.813 Thread 0x00000253694966e0 nmethod 975 0x0000025354a7fb90 code [0x0000025354a7fd40, 0x0000025354a7fe78]
Event: 1.813 Thread 0x00000253694966e0  977       1       jdk.internal.loader.BuiltinClassLoader::findLoadedModule (33 bytes)
Event: 1.813 Thread 0x00000253694966e0 nmethod 977 0x0000025354a7ff10 code [0x0000025354a800e0, 0x0000025354a802d8]
Event: 1.813 Thread 0x00000253694966e0  978   !   1       jdk.internal.loader.BuiltinClassLoader::loadClassOrNull (143 bytes)
Event: 1.814 Thread 0x00000253694966e0 nmethod 978 0x0000025354a80490 code [0x0000025354a80700, 0x0000025354a80e98]
Event: 1.815 Thread 0x00000253694966e0  979       1       java.net.URLStreamHandler::parseURL (1201 bytes)

GC Heap History (0 events):
No events

Deoptimization events (0 events):
No events

Classes unloaded (0 events):
No events

Classes redefined (0 events):
No events

Internal exceptions (18 events):
Event: 0.341 Thread 0x000002534efd1fa0 Exception <a 'java/lang/NoSuchMethodError'{0x00000000c5a78830}: 'void java.lang.invoke.DirectMethodHandle$Holder.invokeSpecial(java.lang.Object, java.lang.Object, java.lang.Object)'> (0x00000000c5a78830) 
thrown [./open/src/hotspot/share/interpreter/linkResolver.cpp, line 782]
Event: 1.136 Thread 0x000002534efd1fa0 Exception <a 'java/lang/NoSuchMethodError'{0x00000000c544db48}: 'java.lang.Object java.lang.invoke.DirectMethodHandle$Holder.invokeStatic(java.lang.Object)'> (0x00000000c544db48) 
thrown [./open/src/hotspot/share/interpreter/linkResolver.cpp, line 782]
Event: 1.137 Thread 0x000002534efd1fa0 Exception <a 'java/lang/NoSuchMethodError'{0x00000000c5451298}: 'java.lang.Object java.lang.invoke.DirectMethodHandle$Holder.invokeStaticInit(java.lang.Object)'> (0x00000000c5451298) 
thrown [./open/src/hotspot/share/interpreter/linkResolver.cpp, line 782]
Event: 1.309 Thread 0x000002534efd1fa0 Exception <a 'java/lang/NoSuchMethodError'{0x00000000c5473c70}: 'java.lang.Object java.lang.invoke.DirectMethodHandle$Holder.invokeInterface(java.lang.Object, java.lang.Object)'> (0x00000000c5473c70) 
thrown [./open/src/hotspot/share/interpreter/linkResolver.cpp, line 782]
Event: 1.310 Thread 0x000002534efd1fa0 Exception <a 'java/lang/NoSuchMethodError'{0x00000000c537c550}: 'java.lang.Object java.lang.invoke.DirectMethodHandle$Holder.invokeStaticInit(java.lang.Object, java.lang.Object, java.lang.Object)'> (0x00000000c537c550) 
thrown [./open/src/hotspot/share/interpreter/linkResolver.cpp, line 782]
Event: 1.315 Thread 0x000002534efd1fa0 Exception <a 'java/lang/NoSuchMethodError'{0x00000000c539ab68}: 'int java.lang.invoke.DirectMethodHandle$Holder.invokeInterface(java.lang.Object, java.lang.Object)'> (0x00000000c539ab68) 
thrown [./open/src/hotspot/share/interpreter/linkResolver.cpp, line 782]
Event: 1.315 Thread 0x000002534efd1fa0 Exception <a 'java/lang/IncompatibleClassChangeError'{0x00000000c539e360}: Found class java.lang.Object, but interface was expected> (0x00000000c539e360) 
thrown [./open/src/hotspot/share/interpreter/linkResolver.cpp, line 848]
Event: 1.316 Thread 0x000002534efd1fa0 Exception <a 'java/lang/NoSuchMethodError'{0x00000000c53a4618}: 'void java.lang.invoke.DirectMethodHandle$Holder.invokeStatic(java.lang.Object, java.lang.Object)'> (0x00000000c53a4618) 
thrown [./open/src/hotspot/share/interpreter/linkResolver.cpp, line 782]
Event: 1.373 Thread 0x000002534efd1fa0 Exception <a 'java/lang/NoSuchMethodError'{0x00000000c5262de0}: 'int java.lang.invoke.DirectMethodHandle$Holder.invokeSpecial(java.lang.Object, java.lang.Object, java.lang.Object)'> (0x00000000c5262de0) 
thrown [./open/src/hotspot/share/interpreter/linkResolver.cpp, line 782]
Event: 1.468 Thread 0x000002534efd1fa0 Exception <a 'java/lang/NoSuchMethodError'{0x00000000c5135ae0}: 'void java.lang.invoke.DirectMethodHandle$Holder.invokeStatic(java.lang.Object, java.lang.Object, java.lang.Object)'> (0x00000000c5135ae0) 
thrown [./open/src/hotspot/share/interpreter/linkResolver.cpp, line 782]
Event: 1.504 Thread 0x000002534efd1fa0 Exception <a 'java/lang/NoSuchMethodError'{0x00000000c5194618}: 'int java.lang.invoke.DirectMethodHandle$Holder.invokeSpecialIFC(java.lang.Object, java.lang.Object, java.lang.Object)'> (0x00000000c5194618) 
thrown [./open/src/hotspot/share/interpreter/linkResolver.cpp, line 782]
Event: 1.529 Thread 0x000002534efd1fa0 Exception <a 'java/lang/NoSuchMethodError'{0x00000000c51de658}: 'void java.lang.invoke.DirectMethodHandle$Holder.invokeStaticInit(java.lang.Object, java.lang.Object)'> (0x00000000c51de658) 
thrown [./open/src/hotspot/share/interpreter/linkResolver.cpp, line 782]
Event: 1.536 Thread 0x000002534efd1fa0 Exception <a 'java/lang/NoSuchMethodError'{0x00000000c500bb58}: 'java.lang.Object java.lang.invoke.DirectMethodHandle$Holder.invokeStaticInit(java.lang.Object, int, int, int, int)'> (0x00000000c500bb58) 
thrown [./open/src/hotspot/share/interpreter/linkResolver.cpp, line 782]
Event: 1.596 Thread 0x000002534efd1fa0 Exception <a 'java/lang/NoSuchMethodError'{0x00000000c5026000}: 'java.lang.Object java.lang.invoke.DirectMethodHandle$Holder.invokeStaticInit(java.lang.Object, java.lang.Object, int, int, int, int)'> (0x00000000c5026000) 
thrown [./open/src/hotspot/share/interpreter/linkResolver.cpp, line 782]
Event: 1.616 Thread 0x000002534efd1fa0 Exception <a 'java/lang/ClassNotFoundException'{0x00000000c5042160}: javax/management/remote/rmi/RMIServerImpl_Skel> (0x00000000c5042160) 
thrown [./open/src/hotspot/share/classfile/systemDictionary.cpp, line 295]
Event: 1.692 Thread 0x000002534efd1fa0 Exception <a 'java/lang/ClassNotFoundException'{0x00000000c4f0b618}: jdk/internal/agent/resources/spi/agentProvider> (0x00000000c4f0b618) 
thrown [./open/src/hotspot/share/classfile/systemDictionary.cpp, line 295]
Event: 1.799 Thread 0x000002534efd1fa0 Exception <a 'java/lang/ClassNotFoundException'{0x00000000c4d9bf28}: javax/smartcardio/CardPermission> (0x00000000c4d9bf28) 
thrown [./open/src/hotspot/share/classfile/systemDictionary.cpp, line 295]
Event: 1.802 Thread 0x000002534efd1fa0 Exception <a 'java/io/FileNotFoundException'{0x00000000c4daa4e0}> (0x00000000c4daa4e0) 
thrown [./open/src/hotspot/share/prims/jni.cpp, line 578]

Events (20 events):
Event: 1.818 loading class sun/util/spi/CalendarProvider
Event: 1.818 loading class sun/util/spi/CalendarProvider done
Event: 1.818 loading class sun/util/locale/provider/CalendarProviderImpl
Event: 1.818 loading class sun/util/locale/provider/AvailableLanguageTags
Event: 1.818 loading class sun/util/locale/provider/AvailableLanguageTags done
Event: 1.818 loading class sun/util/locale/provider/CalendarProviderImpl done
Event: 1.819 loading class java/util/Calendar$Builder
Event: 1.819 loading class java/util/Calendar$Builder done
Event: 1.819 loading class java/util/GregorianCalendar
Event: 1.819 loading class java/util/GregorianCalendar done
Event: 1.819 loading class sun/util/locale/provider/CalendarDataUtility
Event: 1.820 loading class sun/util/locale/provider/CalendarDataUtility done
Event: 1.820 loading class java/util/Locale$Builder
Event: 1.820 loading class java/util/Locale$Builder done
Event: 1.820 loading class sun/util/locale/provider/CalendarDataUtility$CalendarWeekParameterGetter
Event: 1.820 loading class sun/util/locale/provider/CalendarDataUtility$CalendarWeekParameterGetter done
Event: 1.820 loading class sun/util/cldr/CLDRCalendarDataProviderImpl
Event: 1.820 loading class sun/util/locale/provider/CalendarDataProviderImpl
Event: 1.821 loading class sun/util/locale/provider/CalendarDataProviderImpl done
Event: 1.821 loading class sun/util/cldr/CLDRCalendarDataProviderImpl done


Dynamic libraries:
0x00007ff7aaa70000 - 0x00007ff7aaa7d000 	D:\sts-4.10.0.RELEASE\plugins\org.eclipse.justj.openjdk.hotspot.jre.full.win32.x86_64_15.0.2.v20210201-0955\jre\bin\javaw.exe
0x00007ff8e1550000 - 0x00007ff8e1745000 	C:\WINDOWS\SYSTEM32\ntdll.dll
0x00007ff8df7b0000 - 0x00007ff8df86e000 	C:\WINDOWS\System32\KERNEL32.DLL
0x00007ff8dec70000 - 0x00007ff8def39000 	C:\WINDOWS\System32\KERNELBASE.dll
0x00007ff8df230000 - 0x00007ff8df330000 	C:\WINDOWS\System32\ucrtbase.dll
0x00007ff8d60a0000 - 0x00007ff8d60b9000 	D:\sts-4.10.0.RELEASE\plugins\org.eclipse.justj.openjdk.hotspot.jre.full.win32.x86_64_15.0.2.v20210201-0955\jre\bin\VCRUNTIME140.dll
0x00007ff8c7f00000 - 0x00007ff8c7f18000 	D:\sts-4.10.0.RELEASE\plugins\org.eclipse.justj.openjdk.hotspot.jre.full.win32.x86_64_15.0.2.v20210201-0955\jre\bin\jli.dll
0x00007ff8dfd20000 - 0x00007ff8dfec1000 	C:\WINDOWS\System32\USER32.dll
0x00007ff8bb480000 - 0x00007ff8bb71a000 	C:\WINDOWS\WinSxS\amd64_microsoft.windows.common-controls_6595b64144ccf1df_6.0.19041.1110_none_60b5254171f9507e\COMCTL32.dll
0x00007ff8df330000 - 0x00007ff8df352000 	C:\WINDOWS\System32\win32u.dll
0x00007ff8dfcf0000 - 0x00007ff8dfd1b000 	C:\WINDOWS\System32\GDI32.dll
0x00007ff8df710000 - 0x00007ff8df7ae000 	C:\WINDOWS\System32\msvcrt.dll
0x00007ff8df490000 - 0x00007ff8df59b000 	C:\WINDOWS\System32\gdi32full.dll
0x00007ff8defa0000 - 0x00007ff8df03d000 	C:\WINDOWS\System32\msvcp_win.dll
0x00007ff8df5a0000 - 0x00007ff8df5d0000 	C:\WINDOWS\System32\IMM32.DLL
0x00007ff8d6090000 - 0x00007ff8d609c000 	D:\sts-4.10.0.RELEASE\plugins\org.eclipse.justj.openjdk.hotspot.jre.full.win32.x86_64_15.0.2.v20210201-0955\jre\bin\vcruntime140_1.dll
0x00007ff8bc850000 - 0x00007ff8bc8e1000 	D:\sts-4.10.0.RELEASE\plugins\org.eclipse.justj.openjdk.hotspot.jre.full.win32.x86_64_15.0.2.v20210201-0955\jre\bin\msvcp140.dll
0x00007ff877090000 - 0x00007ff877bee000 	D:\sts-4.10.0.RELEASE\plugins\org.eclipse.justj.openjdk.hotspot.jre.full.win32.x86_64_15.0.2.v20210201-0955\jre\bin\server\jvm.dll
0x00007ff8e0330000 - 0x00007ff8e03dc000 	C:\WINDOWS\System32\ADVAPI32.dll
0x00007ff8e0400000 - 0x00007ff8e049b000 	C:\WINDOWS\System32\sechost.dll
0x00007ff8e0e40000 - 0x00007ff8e0f6a000 	C:\WINDOWS\System32\RPCRT4.dll
0x00007ff8e0e30000 - 0x00007ff8e0e38000 	C:\WINDOWS\System32\PSAPI.DLL
0x00007ff8c1370000 - 0x00007ff8c1397000 	C:\WINDOWS\SYSTEM32\WINMM.dll
0x00007ff8d5380000 - 0x00007ff8d538a000 	C:\WINDOWS\SYSTEM32\VERSION.dll
0x00007ff8d6040000 - 0x00007ff8d6049000 	C:\WINDOWS\SYSTEM32\WSOCK32.dll
0x00007ff8e0240000 - 0x00007ff8e02ab000 	C:\WINDOWS\System32\WS2_32.dll
0x00007ff8dd4b0000 - 0x00007ff8dd4c2000 	C:\WINDOWS\SYSTEM32\kernel.appcore.dll
0x00007ff8d5f40000 - 0x00007ff8d5f4a000 	D:\sts-4.10.0.RELEASE\plugins\org.eclipse.justj.openjdk.hotspot.jre.full.win32.x86_64_15.0.2.v20210201-0955\jre\bin\jimage.dll
0x00007ff8dc8a0000 - 0x00007ff8dca84000 	C:\WINDOWS\SYSTEM32\DBGHELP.DLL
0x00007ff8c3970000 - 0x00007ff8c399c000 	C:\WINDOWS\SYSTEM32\dbgcore.DLL
0x00007ff8df040000 - 0x00007ff8df0c3000 	C:\WINDOWS\System32\bcryptPrimitives.dll
0x00007ff8c7720000 - 0x00007ff8c7745000 	D:\sts-4.10.0.RELEASE\plugins\org.eclipse.justj.openjdk.hotspot.jre.full.win32.x86_64_15.0.2.v20210201-0955\jre\bin\java.dll
0x00007ff8c7700000 - 0x00007ff8c7718000 	D:\sts-4.10.0.RELEASE\plugins\org.eclipse.justj.openjdk.hotspot.jre.full.win32.x86_64_15.0.2.v20210201-0955\jre\bin\zip.dll
0x00007ff8e05d0000 - 0x00007ff8e0d0f000 	C:\WINDOWS\System32\SHELL32.dll
0x00007ff8dcd10000 - 0x00007ff8dd4a0000 	C:\WINDOWS\SYSTEM32\windows.storage.dll
0x00007ff8e11b0000 - 0x00007ff8e1505000 	C:\WINDOWS\System32\combase.dll
0x00007ff8de6c0000 - 0x00007ff8de6ec000 	C:\WINDOWS\SYSTEM32\Wldp.dll
0x00007ff8e1040000 - 0x00007ff8e10ed000 	C:\WINDOWS\System32\SHCORE.dll
0x00007ff8e10f0000 - 0x00007ff8e1145000 	C:\WINDOWS\System32\shlwapi.dll
0x00007ff8debb0000 - 0x00007ff8debcf000 	C:\WINDOWS\SYSTEM32\profapi.dll
0x00007ff8c76e0000 - 0x00007ff8c76f9000 	D:\sts-4.10.0.RELEASE\plugins\org.eclipse.justj.openjdk.hotspot.jre.full.win32.x86_64_15.0.2.v20210201-0955\jre\bin\net.dll
0x00007ff8c90c0000 - 0x00007ff8c91c8000 	C:\WINDOWS\SYSTEM32\WINHTTP.dll
0x00007ff8de3d0000 - 0x00007ff8de43a000 	C:\WINDOWS\system32\mswsock.dll
0x00007ff8c76c0000 - 0x00007ff8c76d2000 	D:\sts-4.10.0.RELEASE\plugins\org.eclipse.justj.openjdk.hotspot.jre.full.win32.x86_64_15.0.2.v20210201-0955\jre\bin\nio.dll
0x00007ff8d61a0000 - 0x00007ff8d61a9000 	D:\sts-4.10.0.RELEASE\plugins\org.eclipse.justj.openjdk.hotspot.jre.full.win32.x86_64_15.0.2.v20210201-0955\jre\bin\management.dll
0x00007ff8d6190000 - 0x00007ff8d619b000 	D:\sts-4.10.0.RELEASE\plugins\org.eclipse.justj.openjdk.hotspot.jre.full.win32.x86_64_15.0.2.v20210201-0955\jre\bin\management_ext.dll
0x00007ff8d6700000 - 0x00007ff8d6717000 	C:\WINDOWS\system32\napinsp.dll
0x00007ff8c46a0000 - 0x00007ff8c46bb000 	C:\WINDOWS\system32\pnrpnsp.dll
0x00007ff8b7eb0000 - 0x00007ff8b7ec5000 	C:\WINDOWS\system32\wshbth.dll
0x00007ff8d6f30000 - 0x00007ff8d6f4d000 	C:\WINDOWS\system32\NLAapi.dll
0x00007ff8de090000 - 0x00007ff8de0cb000 	C:\WINDOWS\SYSTEM32\IPHLPAPI.DLL
0x00007ff8de0e0000 - 0x00007ff8de1ac000 	C:\WINDOWS\SYSTEM32\DNSAPI.dll
0x00007ff8dff30000 - 0x00007ff8dff38000 	C:\WINDOWS\System32\NSI.dll
0x00007ff8af240000 - 0x00007ff8af252000 	C:\WINDOWS\System32\winrnr.dll
0x00007ff8bae50000 - 0x00007ff8bae5a000 	C:\Windows\System32\rasadhlp.dll
0x00007ff8cdb10000 - 0x00007ff8cdb8f000 	C:\WINDOWS\System32\fwpuclnt.dll
0x00007ff8df360000 - 0x00007ff8df387000 	C:\WINDOWS\System32\bcrypt.dll
0x00007ff8de600000 - 0x00007ff8de618000 	C:\WINDOWS\SYSTEM32\CRYPTSP.dll
0x00007ff8ddcf0000 - 0x00007ff8ddd24000 	C:\WINDOWS\system32\rsaenh.dll
0x00007ff8deb30000 - 0x00007ff8deb5e000 	C:\WINDOWS\SYSTEM32\USERENV.dll
0x00007ff8de5f0000 - 0x00007ff8de5fc000 	C:\WINDOWS\SYSTEM32\CRYPTBASE.dll
0x00007ff8d6ba0000 - 0x00007ff8d6bb7000 	C:\WINDOWS\SYSTEM32\dhcpcsvc6.DLL
0x00007ff8d6b80000 - 0x00007ff8d6b9d000 	C:\WINDOWS\SYSTEM32\dhcpcsvc.DLL
0x00007ff8d3190000 - 0x00007ff8d31a0000 	D:\sts-4.10.0.RELEASE\plugins\org.eclipse.justj.openjdk.hotspot.jre.full.win32.x86_64_15.0.2.v20210201-0955\jre\bin\verify.dll

dbghelp: loaded successfully - version: 4.0.5 - missing functions: none
symbol engine: initialized successfully - sym options: 0x614 - pdb path: .;D:\sts-4.10.0.RELEASE\plugins\org.eclipse.justj.openjdk.hotspot.jre.full.win32.x86_64_15.0.2.v20210201-0955\jre\bin;C:\WINDOWS\SYSTEM32;C:\WINDOWS\WinSxS\amd64_microsoft.windows.common-controls_6595b64144ccf1df_6.0.19041.1110_none_60b5254171f9507e;D:\sts-4.10.0.RELEASE\plugins\org.eclipse.justj.openjdk.hotspot.jre.full.win32.x86_64_15.0.2.v20210201-0955\jre\bin\server

VM Arguments:
jvm_args: -Dcom.sun.management.jmxremote -Dcom.sun.management.jmxremote.port=49657 -Dcom.sun.management.jmxremote.authenticate=false -Dcom.sun.management.jmxremote.ssl=false -Djava.rmi.server.hostname=localhost -Dspring.jmx.enabled=true -Dspring.application.admin.enabled=true -XX:TieredStopAtLevel=1 -Dspring.boot.project.name=DOANBAOVETOTNGHIEP -Dfile.encoding=UTF-8 -XX:+ShowCodeDetailsInExceptionMessages 
java_command: J6Store.J6StoreApplication --spring.output.ansi.enabled=always
java_class_path (initial): E:\GGTSTORE\DOANBAOVETOTNGHIEP\target\classes;C:\Users\HP\.m2\repository\org\springframework\boot\spring-boot-starter-data-jpa\2.5.2\spring-boot-starter-data-jpa-2.5.2.jar;C:\Users\HP\.m2\repository\org\springframework\boot\spring-boot-starter-aop\2.5.2\spring-boot-starter-aop-2.5.2.jar;C:\Users\HP\.m2\repository\org\aspectj\aspectjweaver\1.9.6\aspectjweaver-1.9.6.jar;C:\Users\HP\.m2\repository\org\springframework\boot\spring-boot-starter-jdbc\2.5.2\spring-boot-starter-jdbc-2.5.2.jar;C:\Users\HP\.m2\repository\com\zaxxer\HikariCP\4.0.3\HikariCP-4.0.3.jar;C:\Users\HP\.m2\repository\org\springframework\spring-jdbc\5.3.8\spring-jdbc-5.3.8.jar;C:\Users\HP\.m2\repository\jakarta\transaction\jakarta.transaction-api\1.3.3\jakarta.transaction-api-1.3.3.jar;C:\Users\HP\.m2\repository\jakarta\persistence\jakarta.persistence-api\2.2.3\jakarta.persistence-api-2.2.3.jar;C:\Users\HP\.m2\repository\org\hibernate\hibernate-core\5.4.32.Final\hibernate-core-5.4.32.Final.jar;C:\Users\HP\.m2\repository\org\jboss\logging\jboss-logging\3.4.2.Final\jboss-logging-3.4.2.Final.jar;C:\Users\HP\.m2\repository\org\javassist\javassist\3.27.0-GA\javassist-3.27.0-GA.jar;C:\Users\HP\.m2\repository\net\bytebuddy\byte-buddy\1.10.22\byte-buddy-1.10.22.jar;C:\Users\HP\.m2\repository\antlr\antlr\2.7.7\antlr-2.7.7.jar;C:\Users\HP\.m2\repository\org\jboss\jandex\2.2.3.Final\jandex-2.2.3.Final.jar;C:\Users\HP\.m2\repository\com\fasterxml\classmate\1.5.1\classmate-1.5.1.jar;C:\Users\HP\.m2\repository\org\dom4j\dom4j\2.1.3\dom4j-2.1.3.jar;C:\Users\HP\.m2\repository\org\hibernate\common\hibernate-commons-annotations\5.1.2.Final\hibernate-commons-annotations-5.1.2.Final.jar;C:\Users\HP\.m2\repository\org\glassfish\jaxb\jaxb-runtime\2.3.4\jaxb-runtime-2.3.4.jar;C:\Users\HP\.m2\repository\org\glassfish\jaxb\txw2\2.3.4\txw2-2.3.4.jar;C:\Users\HP\.m2\repository\com\sun\istack\istack-commons-runtime\3.0.12\istack-commons-runtime-3.0.12.jar;C:\Users\HP\.m2\repository\org\springframework\
Launcher Type: SUN_STANDARD

[Global flags]
     intx CICompilerCount                          = 4                                         {product} {ergonomic}
     uint ConcGCThreads                            = 2                                         {product} {ergonomic}
     uint G1ConcRefinementThreads                  = 8                                         {product} {ergonomic}
   size_t G1HeapRegionSize                         = 1048576                                   {product} {ergonomic}
    uintx GCDrainStackTargetSize                   = 64                                        {product} {ergonomic}
   size_t InitialHeapSize                          = 67108864                                  {product} {ergonomic}
     bool ManagementServer                         = true                                      {product} {command line}
   size_t MarkStackSize                            = 4194304                                   {product} {ergonomic}
   size_t MaxHeapSize                              = 1044381696                                {product} {ergonomic}
   size_t MaxNewSize                               = 625999872                                 {product} {ergonomic}
   size_t MinHeapDeltaBytes                        = 1048576                                   {product} {ergonomic}
   size_t MinHeapSize                              = 8388608                                   {product} {ergonomic}
    uintx NonNMethodCodeHeapSize                   = 7549744                                {pd product} {ergonomic}
    uintx NonProfiledCodeHeapSize                  = 244108496                              {pd product} {ergonomic}
    uintx ProfiledCodeHeapSize                     = 0                                      {pd product} {ergonomic}
    uintx ReservedCodeCacheSize                    = 251658240                              {pd product} {ergonomic}
     bool SegmentedCodeCache                       = true                                      {product} {ergonomic}
     bool ShowCodeDetailsInExceptionMessages       = true                                   {manageable} {command line}
   size_t SoftMaxHeapSize                          = 1044381696                             {manageable} {ergonomic}
     intx TieredStopAtLevel                        = 1                                         {product} {command line}
     bool UseCompressedClassPointers               = true                                 {lp64_product} {ergonomic}
     bool UseCompressedOops                        = true                                 {lp64_product} {ergonomic}
     bool UseG1GC                                  = true                                      {product} {ergonomic}
     bool UseLargePagesIndividualAllocation        = false                                  {pd product} {ergonomic}

Logging:
Log output configuration:
 #0: stdout all=warning uptime,level,tags
 #1: stderr all=off uptime,level,tags

Environment Variables:
JAVA_HOME=C:\Program Files\Java\jdk-16.0.1
PATH=D:/sts-4.10.0.RELEASE//plugins/org.eclipse.justj.openjdk.hotspot.jre.full.win32.x86_64_15.0.2.v20210201-0955/jre/bin/server;D:/sts-4.10.0.RELEASE//plugins/org.eclipse.justj.openjdk.hotspot.jre.full.win32.x86_64_15.0.2.v20210201-0955/jre/bin;C:\Program Files\Common Files\Oracle\Java\javapath;C:\Program Files\Java\jdk1.8.0_231\bin;C:\Program Files (x86)\Common Files\Oracle\Java\javapath;C:\windows\system32;C:\windows;C:\windows\System32\Wbem;C:\windows\System32\WindowsPowerShell\v1.0\;C:\windows\System32\OpenSSH\;C:\Program Files (x86)\NVIDIA Corporation\PhysX\Common;C:\Program Files\NVIDIA Corporation\NVIDIA NvDLISR;C:\WINDOWS\system32;C:\WINDOWS;C:\WINDOWS\System32\Wbem;C:\WINDOWS\System32\WindowsPowerShell\v1.0\;C:\WINDOWS\System32\OpenSSH\;C:\Program Files\Microsoft SQL Server\Client SDK\ODBC\170\Tools\Binn\;C:\Program Files (x86)\Microsoft SQL Server\150\Tools\Binn\;C:\Program Files\Microsoft SQL Server\150\Tools\Binn\;C:\Program Files\Microsoft SQL Server\150\DTS\Binn\;C:\Program Files (x86)\Microsoft SQL Server\150\DTS\Binn\;C:\Program Files\nodejs\;D:\Th?c t?p\Git\cmd;C:\Program Files\Docker\Docker\resources\bin;C:\ProgramData\DockerDesktop\version-bin;C:\Users\HP\AppData\Local\Microsoft\WindowsApps;C:\Program Files\JetBrains\IntelliJ IDEA Community Edition 2019.3.3\bin;C:\Users\HP\AppData\Roaming\npm;C:\Users\HP\AppData\Local\Microsoft\WindowsApps;D:\Microsoft VS Code\bin;D:\sts-4.10.0.RELEASE;
USERNAME=HP
OS=Windows_NT
PROCESSOR_IDENTIFIER=Intel64 Family 6 Model 142 Stepping 12, GenuineIntel



---------------  S Y S T E M  ---------------

OS:
 Windows 10 , 64 bit Build 19041 (10.0.19041.1202)
OS uptime: 0 days 14:14 hours
HyperV virtualization detected

CPU: total 8 (initial active 8) (4 cores per cpu, 2 threads per core) family 6 model 142 stepping 12 microcode 0xde, cmov, cx8, fxsr, mmx, sse, sse2, sse3, ssse3, sse4.1, sse4.2, popcnt, vzeroupper, avx, avx2, aes, clmul, erms, 3dnowpref, lzcnt, ht, tsc, tscinvbit, bmi1, bmi2, adx, fma, clflush, clflushopt

Memory: 4k page, system-wide physical 3983M (169M free)
TotalPageFile size 8079M (AvailPageFile size 0M)
current process WorkingSet (physical memory assigned to process): 67M, peak: 67M
current process commit charge ("private bytes"): 154M, peak: 154M

vm_info: OpenJDK 64-Bit Server VM (15.0.2+7-27) for windows-amd64 JRE (15.0.2+7-27), built on Dec  7 2020 20:02:38 by "mach5one" with unknown MS VC++:1925

END.
